<?xml version="1.0" encoding="UTF-8"?>
<!-- Generated by org.testng.reporters.JUnitReportReporter -->
<testsuite hostname="Tanmays-MacBook-Air.local" failures="0" tests="1" name="module2.SearchProduct" time="0.000" errors="0" timestamp="2024-06-22T10:40:32 IST" skipped="1">
  <testcase classname="module2.SearchProduct" name="testSearchProduct" time="0.000">
    <skipped/>
  </testcase> <!-- testSearchProduct -->
</testsuite> <!-- module2.SearchProduct -->
