<?xml version="1.0" encoding="UTF-8"?>
<!-- Generated by org.testng.reporters.JUnitReportReporter -->
<testsuite hostname="Tanmays-MacBook-Air.local" failures="0" tests="1" name="module1.ValidateInformationLinks" time="0.000" errors="0" timestamp="2024-06-22T10:39:04 IST" skipped="1">
  <testcase classname="module1.ValidateInformationLinks" name="testValidateInformationLinks" time="0.000">
    <skipped/>
  </testcase> <!-- testValidateInformationLinks -->
</testsuite> <!-- module1.ValidateInformationLinks -->
